This file contains any messages produced by compilers while
running configure, to aid debugging if configure makes a mistake.

It was created by mcperf configure 0.1.0, which was
generated by GNU Autoconf 2.69.  Invocation command line was

  $ ./configure 

## --------- ##
## Platform. ##
## --------- ##

hostname = client.localdomain
uname -m = x86_64
uname -r = 2.6.32-279.14.1.el6.x86_64
uname -s = Linux
uname -v = #1 SMP Tue Nov 6 23:43:09 UTC 2012

/usr/bin/uname -p = unknown
/bin/uname -X     = unknown

/bin/arch              = x86_64
/usr/bin/arch -k       = unknown
/usr/convex/getsysinfo = unknown
/usr/bin/hostinfo      = unknown
/bin/machine           = unknown
/usr/bin/oslevel       = unknown
/bin/universe          = unknown

PATH: /usr/local/sbin
PATH: /usr/local/bin
PATH: /sbin
PATH: /bin
PATH: /usr/sbin
PATH: /usr/bin
PATH: /root/bin


## ----------- ##
## Core tests. ##
## ----------- ##

configure:2784: checking for a BSD-compatible install
configure:2852: result: /usr/bin/install -c
configure:2863: checking whether build environment is sane
configure:2900: result: yes
configure:2962: checking for gawk
configure:2978: found /bin/gawk
configure:2989: result: gawk
configure:3000: checking whether make sets $(MAKE)
configure:3022: result: yes
configure:3228: checking for gawk
configure:3255: result: gawk
configure:3314: checking for gcc
configure:3330: found /usr/bin/gcc
configure:3341: result: gcc
configure:3570: checking for C compiler version
configure:3579: gcc --version >&5
gcc (GCC) 4.4.6 20120305 (Red Hat 4.4.6-4)
Copyright (C) 2010 Free Software Foundation, Inc.
This is free software; see the source for copying conditions.  There is NO
warranty; not even for MERCHANTABILITY or FITNESS FOR A PARTICULAR PURPOSE.

configure:3590: $? = 0
configure:3579: gcc -v >&5
Using built-in specs.
Target: x86_64-redhat-linux
Configured with: ../configure --prefix=/usr --mandir=/usr/share/man --infodir=/usr/share/info --with-bugurl=http://bugzilla.redhat.com/bugzilla --enable-bootstrap --enable-shared --enable-threads=posix --enable-checking=release --with-system-zlib --enable-__cxa_atexit --disable-libunwind-exceptions --enable-gnu-unique-object --enable-languages=c,c++,objc,obj-c++,java,fortran,ada --enable-java-awt=gtk --disable-dssi --with-java-home=/usr/lib/jvm/java-1.5.0-gcj-1.5.0.0/jre --enable-libgcj-multifile --enable-java-maintainer-mode --with-ecj-jar=/usr/share/java/eclipse-ecj.jar --disable-libjava-multilib --with-ppl --with-cloog --with-tune=generic --with-arch_32=i686 --build=x86_64-redhat-linux
Thread model: posix
gcc version 4.4.6 20120305 (Red Hat 4.4.6-4) (GCC) 
configure:3590: $? = 0
configure:3579: gcc -V >&5
gcc: '-V' option must have argument
configure:3590: $? = 1
configure:3579: gcc -qversion >&5
gcc: unrecognized option '-qversion'
gcc: no input files
configure:3590: $? = 1
configure:3610: checking whether the C compiler works
configure:3632: gcc    conftest.c  >&5
configure:3636: $? = 0
configure:3684: result: yes
configure:3687: checking for C compiler default output file name
configure:3689: result: a.out
configure:3695: checking for suffix of executables
configure:3702: gcc -o conftest    conftest.c  >&5
configure:3706: $? = 0
configure:3728: result: 
configure:3750: checking whether we are cross compiling
configure:3758: gcc -o conftest    conftest.c  >&5
configure:3762: $? = 0
configure:3769: ./conftest
configure:3773: $? = 0
configure:3788: result: no
configure:3793: checking for suffix of object files
configure:3815: gcc -c   conftest.c >&5
configure:3819: $? = 0
configure:3840: result: o
configure:3844: checking whether we are using the GNU C compiler
configure:3863: gcc -c   conftest.c >&5
configure:3863: $? = 0
configure:3872: result: yes
configure:3881: checking whether gcc accepts -g
configure:3901: gcc -c -g  conftest.c >&5
configure:3901: $? = 0
configure:3942: result: yes
configure:3959: checking for gcc option to accept ISO C89
configure:4022: gcc  -c -g -O2  conftest.c >&5
configure:4022: $? = 0
configure:4035: result: none needed
configure:4066: checking for style of include used by make
configure:4094: result: GNU
configure:4122: checking dependency style of gcc
configure:4212: result: gcc3
configure:4234: checking how to run the C preprocessor
configure:4265: gcc -E  conftest.c
configure:4265: $? = 0
configure:4279: gcc -E  conftest.c
conftest.c:15:28: error: ac_nonexistent.h: No such file or directory
configure:4279: $? = 1
configure: failed program was:
| /* confdefs.h */
| #define PACKAGE_NAME "mcperf"
| #define PACKAGE_TARNAME "mcperf"
| #define PACKAGE_VERSION "0.1.0"
| #define PACKAGE_STRING "mcperf 0.1.0"
| #define PACKAGE_BUGREPORT "manj@twitter.com"
| #define PACKAGE_URL ""
| #define PACKAGE "mcperf"
| #define VERSION "0.1.0"
| #define MCP_VERSION_MAJOR 0
| #define MCP_VERSION_MINOR 1
| #define MCP_VERSION_PATCH 0
| #define MCP_VERSION_STRING "0.1.0"
| /* end confdefs.h.  */
| #include <ac_nonexistent.h>
configure:4304: result: gcc -E
configure:4324: gcc -E  conftest.c
configure:4324: $? = 0
configure:4338: gcc -E  conftest.c
conftest.c:15:28: error: ac_nonexistent.h: No such file or directory
configure:4338: $? = 1
configure: failed program was:
| /* confdefs.h */
| #define PACKAGE_NAME "mcperf"
| #define PACKAGE_TARNAME "mcperf"
| #define PACKAGE_VERSION "0.1.0"
| #define PACKAGE_STRING "mcperf 0.1.0"
| #define PACKAGE_BUGREPORT "manj@twitter.com"
| #define PACKAGE_URL ""
| #define PACKAGE "mcperf"
| #define VERSION "0.1.0"
| #define MCP_VERSION_MAJOR 0
| #define MCP_VERSION_MINOR 1
| #define MCP_VERSION_PATCH 0
| #define MCP_VERSION_STRING "0.1.0"
| /* end confdefs.h.  */
| #include <ac_nonexistent.h>
configure:4367: checking whether ln -s works
configure:4371: result: yes
configure:4378: checking whether make sets $(MAKE)
configure:4400: result: yes
configure:4452: checking for ranlib
configure:4468: found /usr/bin/ranlib
configure:4479: result: ranlib
configure:4577: checking build system type
configure:4591: result: x86_64-unknown-linux-gnu
configure:4611: checking host system type
configure:4624: result: x86_64-unknown-linux-gnu
configure:4644: checking for a sed that does not truncate output
configure:4700: result: /bin/sed
configure:4703: checking for grep that handles long lines and -e
configure:4761: result: /bin/grep
configure:4766: checking for egrep
configure:4828: result: /bin/grep -E
configure:4844: checking for ld used by gcc
configure:4911: result: /usr/bin/ld
configure:4918: checking if the linker (/usr/bin/ld) is GNU ld
configure:4933: result: yes
configure:4938: checking for /usr/bin/ld option to reload object files
configure:4945: result: -r
configure:4963: checking for BSD-compatible nm
configure:5012: result: /usr/bin/nm -B
configure:5016: checking how to recognise dependent libraries
configure:5192: result: pass_all
configure:5280: gcc -c -g -O2  conftest.c >&5
configure:5283: $? = 0
configure:5397: checking for ANSI C header files
configure:5417: gcc -c -g -O2  conftest.c >&5
configure:5417: $? = 0
configure:5490: gcc -o conftest -g -O2   conftest.c  >&5
configure:5490: $? = 0
configure:5490: ./conftest
configure:5490: $? = 0
configure:5501: result: yes
configure:5514: checking for sys/types.h
configure:5514: gcc -c -g -O2  conftest.c >&5
configure:5514: $? = 0
configure:5514: result: yes
configure:5514: checking for sys/stat.h
configure:5514: gcc -c -g -O2  conftest.c >&5
configure:5514: $? = 0
configure:5514: result: yes
configure:5514: checking for stdlib.h
configure:5514: gcc -c -g -O2  conftest.c >&5
configure:5514: $? = 0
configure:5514: result: yes
configure:5514: checking for string.h
configure:5514: gcc -c -g -O2  conftest.c >&5
configure:5514: $? = 0
configure:5514: result: yes
configure:5514: checking for memory.h
configure:5514: gcc -c -g -O2  conftest.c >&5
configure:5514: $? = 0
configure:5514: result: yes
configure:5514: checking for strings.h
configure:5514: gcc -c -g -O2  conftest.c >&5
configure:5514: $? = 0
configure:5514: result: yes
configure:5514: checking for inttypes.h
configure:5514: gcc -c -g -O2  conftest.c >&5
configure:5514: $? = 0
configure:5514: result: yes
configure:5514: checking for stdint.h
configure:5514: gcc -c -g -O2  conftest.c >&5
configure:5514: $? = 0
configure:5514: result: yes
configure:5514: checking for unistd.h
configure:5514: gcc -c -g -O2  conftest.c >&5
configure:5514: $? = 0
configure:5514: result: yes
configure:5528: checking dlfcn.h usability
configure:5528: gcc -c -g -O2  conftest.c >&5
configure:5528: $? = 0
configure:5528: result: yes
configure:5528: checking dlfcn.h presence
configure:5528: gcc -E  conftest.c
configure:5528: $? = 0
configure:5528: result: yes
configure:5528: checking for dlfcn.h
configure:5528: result: yes
configure:5596: checking for g++
configure:5626: result: no
configure:5596: checking for c++
configure:5626: result: no
configure:5596: checking for gpp
configure:5626: result: no
configure:5596: checking for aCC
configure:5626: result: no
configure:5596: checking for CC
configure:5626: result: no
configure:5596: checking for cxx
configure:5626: result: no
configure:5596: checking for cc++
configure:5626: result: no
configure:5596: checking for cl.exe
configure:5626: result: no
configure:5596: checking for FCC
configure:5626: result: no
configure:5596: checking for KCC
configure:5626: result: no
configure:5596: checking for RCC
configure:5626: result: no
configure:5596: checking for xlC_r
configure:5626: result: no
configure:5596: checking for xlC
configure:5626: result: no
configure:5650: checking for C++ compiler version
configure:5659: g++ --version >&5
./configure: line 5661: g++: command not found
configure:5670: $? = 127
configure:5659: g++ -v >&5
./configure: line 5661: g++: command not found
configure:5670: $? = 127
configure:5659: g++ -V >&5
./configure: line 5661: g++: command not found
configure:5670: $? = 127
configure:5659: g++ -qversion >&5
./configure: line 5661: g++: command not found
configure:5670: $? = 127
configure:5674: checking whether we are using the GNU C++ compiler
configure:5693: g++ -c   conftest.cpp >&5
./configure: line 2008: g++: command not found
configure:5693: $? = 127
configure: failed program was:
| /* confdefs.h */
| #define PACKAGE_NAME "mcperf"
| #define PACKAGE_TARNAME "mcperf"
| #define PACKAGE_VERSION "0.1.0"
| #define PACKAGE_STRING "mcperf 0.1.0"
| #define PACKAGE_BUGREPORT "manj@twitter.com"
| #define PACKAGE_URL ""
| #define PACKAGE "mcperf"
| #define VERSION "0.1.0"
| #define MCP_VERSION_MAJOR 0
| #define MCP_VERSION_MINOR 1
| #define MCP_VERSION_PATCH 0
| #define MCP_VERSION_STRING "0.1.0"
| #define STDC_HEADERS 1
| #define HAVE_SYS_TYPES_H 1
| #define HAVE_SYS_STAT_H 1
| #define HAVE_STDLIB_H 1
| #define HAVE_STRING_H 1
| #define HAVE_MEMORY_H 1
| #define HAVE_STRINGS_H 1
| #define HAVE_INTTYPES_H 1
| #define HAVE_STDINT_H 1
| #define HAVE_UNISTD_H 1
| #define HAVE_DLFCN_H 1
| /* end confdefs.h.  */
| 
| int
| main ()
| {
| #ifndef __GNUC__
|        choke me
| #endif
| 
|   ;
|   return 0;
| }
configure:5702: result: no
configure:5711: checking whether g++ accepts -g
configure:5731: g++ -c -g  conftest.cpp >&5
./configure: line 2008: g++: command not found
configure:5731: $? = 127
configure: failed program was:
| /* confdefs.h */
| #define PACKAGE_NAME "mcperf"
| #define PACKAGE_TARNAME "mcperf"
| #define PACKAGE_VERSION "0.1.0"
| #define PACKAGE_STRING "mcperf 0.1.0"
| #define PACKAGE_BUGREPORT "manj@twitter.com"
| #define PACKAGE_URL ""
| #define PACKAGE "mcperf"
| #define VERSION "0.1.0"
| #define MCP_VERSION_MAJOR 0
| #define MCP_VERSION_MINOR 1
| #define MCP_VERSION_PATCH 0
| #define MCP_VERSION_STRING "0.1.0"
| #define STDC_HEADERS 1
| #define HAVE_SYS_TYPES_H 1
| #define HAVE_SYS_STAT_H 1
| #define HAVE_STDLIB_H 1
| #define HAVE_STRING_H 1
| #define HAVE_MEMORY_H 1
| #define HAVE_STRINGS_H 1
| #define HAVE_INTTYPES_H 1
| #define HAVE_STDINT_H 1
| #define HAVE_UNISTD_H 1
| #define HAVE_DLFCN_H 1
| /* end confdefs.h.  */
| 
| int
| main ()
| {
| 
|   ;
|   return 0;
| }
configure:5746: g++ -c   conftest.cpp >&5
./configure: line 2008: g++: command not found
configure:5746: $? = 127
configure: failed program was:
| /* confdefs.h */
| #define PACKAGE_NAME "mcperf"
| #define PACKAGE_TARNAME "mcperf"
| #define PACKAGE_VERSION "0.1.0"
| #define PACKAGE_STRING "mcperf 0.1.0"
| #define PACKAGE_BUGREPORT "manj@twitter.com"
| #define PACKAGE_URL ""
| #define PACKAGE "mcperf"
| #define VERSION "0.1.0"
| #define MCP_VERSION_MAJOR 0
| #define MCP_VERSION_MINOR 1
| #define MCP_VERSION_PATCH 0
| #define MCP_VERSION_STRING "0.1.0"
| #define STDC_HEADERS 1
| #define HAVE_SYS_TYPES_H 1
| #define HAVE_SYS_STAT_H 1
| #define HAVE_STDLIB_H 1
| #define HAVE_STRING_H 1
| #define HAVE_MEMORY_H 1
| #define HAVE_STRINGS_H 1
| #define HAVE_INTTYPES_H 1
| #define HAVE_STDINT_H 1
| #define HAVE_UNISTD_H 1
| #define HAVE_DLFCN_H 1
| /* end confdefs.h.  */
| 
| int
| main ()
| {
| 
|   ;
|   return 0;
| }
configure:5762: g++ -c -g  conftest.cpp >&5
./configure: line 2008: g++: command not found
configure:5762: $? = 127
configure: failed program was:
| /* confdefs.h */
| #define PACKAGE_NAME "mcperf"
| #define PACKAGE_TARNAME "mcperf"
| #define PACKAGE_VERSION "0.1.0"
| #define PACKAGE_STRING "mcperf 0.1.0"
| #define PACKAGE_BUGREPORT "manj@twitter.com"
| #define PACKAGE_URL ""
| #define PACKAGE "mcperf"
| #define VERSION "0.1.0"
| #define MCP_VERSION_MAJOR 0
| #define MCP_VERSION_MINOR 1
| #define MCP_VERSION_PATCH 0
| #define MCP_VERSION_STRING "0.1.0"
| #define STDC_HEADERS 1
| #define HAVE_SYS_TYPES_H 1
| #define HAVE_SYS_STAT_H 1
| #define HAVE_STDLIB_H 1
| #define HAVE_STRING_H 1
| #define HAVE_MEMORY_H 1
| #define HAVE_STRINGS_H 1
| #define HAVE_INTTYPES_H 1
| #define HAVE_STDINT_H 1
| #define HAVE_UNISTD_H 1
| #define HAVE_DLFCN_H 1
| /* end confdefs.h.  */
| 
| int
| main ()
| {
| 
|   ;
|   return 0;
| }
configure:5772: result: no
configure:5797: checking dependency style of g++
configure:5887: result: none
configure:6098: checking for g77
configure:6128: result: no
configure:6098: checking for xlf
configure:6128: result: no
configure:6098: checking for f77
configure:6128: result: no
configure:6098: checking for frt
configure:6128: result: no
configure:6098: checking for pgf77
configure:6128: result: no
configure:6098: checking for cf77
configure:6128: result: no
configure:6098: checking for fort77
configure:6128: result: no
configure:6098: checking for fl32
configure:6128: result: no
configure:6098: checking for af77
configure:6128: result: no
configure:6098: checking for xlf90
configure:6128: result: no
configure:6098: checking for f90
configure:6128: result: no
configure:6098: checking for pgf90
configure:6128: result: no
configure:6098: checking for pghpf
configure:6128: result: no
configure:6098: checking for epcf90
configure:6128: result: no
configure:6098: checking for gfortran
configure:6128: result: no
configure:6098: checking for g95
configure:6128: result: no
configure:6098: checking for xlf95
configure:6128: result: no
configure:6098: checking for f95
configure:6128: result: no
configure:6098: checking for fort
configure:6128: result: no
configure:6098: checking for ifort
configure:6128: result: no
configure:6098: checking for ifc
configure:6128: result: no
configure:6098: checking for efc
configure:6128: result: no
configure:6098: checking for pgfortran
configure:6128: result: no
configure:6098: checking for pgf95
configure:6128: result: no
configure:6098: checking for lf95
configure:6128: result: no
configure:6098: checking for ftn
configure:6128: result: no
configure:6098: checking for nagfor
configure:6128: result: no
configure:6151: checking for Fortran 77 compiler version
configure:6160:  --version >&5
./configure: line 6162: --version: command not found
configure:6171: $? = 127
configure:6160:  -v >&5
./configure: line 6162: -v: command not found
configure:6171: $? = 127
configure:6160:  -V >&5
./configure: line 6162: -V: command not found
configure:6171: $? = 127
configure:6160:  -qversion >&5
./configure: line 6162: -qversion: command not found
configure:6171: $? = 127
configure:6180: checking whether we are using the GNU Fortran 77 compiler
configure:6193:  -c  conftest.F >&5
./configure: line 2129: -c: command not found
configure:6193: $? = 127
configure: failed program was:
|       program main
| #ifndef __GNUC__
|        choke me
| #endif
| 
|       end
configure:6202: result: no
configure:6208: checking whether  accepts -g
configure:6219:  -c -g conftest.f >&5
./configure: line 2129: -c: command not found
configure:6219: $? = 127
configure: failed program was:
|       program main
| 
|       end
configure:6227: result: no
configure:6261: checking the maximum length of command line arguments
configure:6370: result: 32768
configure:6381: checking command to parse /usr/bin/nm -B output from gcc object
configure:6486: gcc -c -g -O2  conftest.c >&5
configure:6489: $? = 0
configure:6493: /usr/bin/nm -B conftest.o \| sed -n -e 's/^.*[ 	]\([ABCDGIRSTW][ABCDGIRSTW]*\)[ 	][ 	]*\([_A-Za-z][_A-Za-z0-9]*\)$/\1 \2 \2/p' \> conftest.nm
configure:6496: $? = 0
configure:6548: gcc -o conftest -g -O2   conftest.c conftstm.o >&5
configure:6551: $? = 0
configure:6589: result: ok
configure:6593: checking for objdir
configure:6608: result: .libs
configure:6700: checking for ar
configure:6716: found /usr/bin/ar
configure:6727: result: ar
configure:6792: checking for ranlib
configure:6819: result: ranlib
configure:6884: checking for strip
configure:6900: found /usr/bin/strip
configure:6911: result: strip
configure:7193: checking if gcc supports -fno-rtti -fno-exceptions
configure:7211: gcc -c -g -O2  -fno-rtti -fno-exceptions conftest.c >&5
cc1: warning: command line option "-fno-rtti" is valid for C++/ObjC++ but not for C
configure:7215: $? = 0
configure:7228: result: no
configure:7243: checking for gcc option to produce PIC
configure:7453: result: -fPIC
configure:7461: checking if gcc PIC flag -fPIC works
configure:7479: gcc -c -g -O2  -fPIC -DPIC conftest.c >&5
configure:7483: $? = 0
configure:7496: result: yes
configure:7524: checking if gcc static flag -static works
configure:7552: result: no
configure:7562: checking if gcc supports -c -o file.o
configure:7583: gcc -c -g -O2  -o out/conftest2.o conftest.c >&5
configure:7587: $? = 0
configure:7609: result: yes
configure:7635: checking whether the gcc linker (/usr/bin/ld -m elf_x86_64) supports shared libraries
configure:8535: result: yes
configure:8556: checking whether -lc should be explicitly linked in
configure:8561: gcc -c -g -O2  conftest.c >&5
configure:8564: $? = 0
configure:8579: gcc -shared conftest.o  -v -Wl,-soname -Wl,conftest -o conftest 2\>\&1 \| grep  -lc  \>/dev/null 2\>\&1
configure:8582: $? = 0
configure:8594: result: no
configure:8602: checking dynamic linker characteristics
configure:8995: gcc -c -g -O2  conftest.c >&5
configure:8998: $? = 0
configure:9211: result: GNU/Linux ld.so
configure:9220: checking how to hardcode library paths into programs
configure:9245: result: immediate
configure:9259: checking whether stripping libraries is possible
configure:9264: result: yes
configure:9780: checking if libtool supports shared libraries
configure:9782: result: yes
configure:9785: checking whether to build shared libraries
configure:9806: result: yes
configure:9809: checking whether to build static libraries
configure:9813: result: yes
configure:9905: creating libtool
configure:18935: checking for inline
configure:18951: gcc -c -g -O2  conftest.c >&5
configure:18951: $? = 0
configure:18959: result: inline
configure:18977: checking for int8_t
configure:18977: gcc -c -g -O2  conftest.c >&5
configure:18977: $? = 0
configure:18977: gcc -c -g -O2  conftest.c >&5
conftest.c: In function 'main':
conftest.c:64: error: size of array 'test_array' is negative
configure:18977: $? = 1
configure: failed program was:
| /* confdefs.h */
| #define PACKAGE_NAME "mcperf"
| #define PACKAGE_TARNAME "mcperf"
| #define PACKAGE_VERSION "0.1.0"
| #define PACKAGE_STRING "mcperf 0.1.0"
| #define PACKAGE_BUGREPORT "manj@twitter.com"
| #define PACKAGE_URL ""
| #define PACKAGE "mcperf"
| #define VERSION "0.1.0"
| #define MCP_VERSION_MAJOR 0
| #define MCP_VERSION_MINOR 1
| #define MCP_VERSION_PATCH 0
| #define MCP_VERSION_STRING "0.1.0"
| #define STDC_HEADERS 1
| #define HAVE_SYS_TYPES_H 1
| #define HAVE_SYS_STAT_H 1
| #define HAVE_STDLIB_H 1
| #define HAVE_STRING_H 1
| #define HAVE_MEMORY_H 1
| #define HAVE_STRINGS_H 1
| #define HAVE_INTTYPES_H 1
| #define HAVE_STDINT_H 1
| #define HAVE_UNISTD_H 1
| #define HAVE_DLFCN_H 1
| /* end confdefs.h.  */
| #include <stdio.h>
| #ifdef HAVE_SYS_TYPES_H
| # include <sys/types.h>
| #endif
| #ifdef HAVE_SYS_STAT_H
| # include <sys/stat.h>
| #endif
| #ifdef STDC_HEADERS
| # include <stdlib.h>
| # include <stddef.h>
| #else
| # ifdef HAVE_STDLIB_H
| #  include <stdlib.h>
| # endif
| #endif
| #ifdef HAVE_STRING_H
| # if !defined STDC_HEADERS && defined HAVE_MEMORY_H
| #  include <memory.h>
| # endif
| # include <string.h>
| #endif
| #ifdef HAVE_STRINGS_H
| # include <strings.h>
| #endif
| #ifdef HAVE_INTTYPES_H
| # include <inttypes.h>
| #endif
| #ifdef HAVE_STDINT_H
| # include <stdint.h>
| #endif
| #ifdef HAVE_UNISTD_H
| # include <unistd.h>
| #endif
| 	        enum { N = 8 / 2 - 1 };
| int
| main ()
| {
| static int test_array [1 - 2 * !((int8_t) (((((int8_t) 1 << N) << N) - 1) * 2 + 1)
| 		 < (int8_t) (((((int8_t) 1 << N) << N) - 1) * 2 + 2))];
| test_array [0] = 0;
| return test_array [0];
| 
|   ;
|   return 0;
| }
configure:18977: result: yes
configure:18988: checking for int16_t
configure:18988: gcc -c -g -O2  conftest.c >&5
configure:18988: $? = 0
configure:18988: gcc -c -g -O2  conftest.c >&5
conftest.c: In function 'main':
conftest.c:64: error: size of array 'test_array' is negative
configure:18988: $? = 1
configure: failed program was:
| /* confdefs.h */
| #define PACKAGE_NAME "mcperf"
| #define PACKAGE_TARNAME "mcperf"
| #define PACKAGE_VERSION "0.1.0"
| #define PACKAGE_STRING "mcperf 0.1.0"
| #define PACKAGE_BUGREPORT "manj@twitter.com"
| #define PACKAGE_URL ""
| #define PACKAGE "mcperf"
| #define VERSION "0.1.0"
| #define MCP_VERSION_MAJOR 0
| #define MCP_VERSION_MINOR 1
| #define MCP_VERSION_PATCH 0
| #define MCP_VERSION_STRING "0.1.0"
| #define STDC_HEADERS 1
| #define HAVE_SYS_TYPES_H 1
| #define HAVE_SYS_STAT_H 1
| #define HAVE_STDLIB_H 1
| #define HAVE_STRING_H 1
| #define HAVE_MEMORY_H 1
| #define HAVE_STRINGS_H 1
| #define HAVE_INTTYPES_H 1
| #define HAVE_STDINT_H 1
| #define HAVE_UNISTD_H 1
| #define HAVE_DLFCN_H 1
| /* end confdefs.h.  */
| #include <stdio.h>
| #ifdef HAVE_SYS_TYPES_H
| # include <sys/types.h>
| #endif
| #ifdef HAVE_SYS_STAT_H
| # include <sys/stat.h>
| #endif
| #ifdef STDC_HEADERS
| # include <stdlib.h>
| # include <stddef.h>
| #else
| # ifdef HAVE_STDLIB_H
| #  include <stdlib.h>
| # endif
| #endif
| #ifdef HAVE_STRING_H
| # if !defined STDC_HEADERS && defined HAVE_MEMORY_H
| #  include <memory.h>
| # endif
| # include <string.h>
| #endif
| #ifdef HAVE_STRINGS_H
| # include <strings.h>
| #endif
| #ifdef HAVE_INTTYPES_H
| # include <inttypes.h>
| #endif
| #ifdef HAVE_STDINT_H
| # include <stdint.h>
| #endif
| #ifdef HAVE_UNISTD_H
| # include <unistd.h>
| #endif
| 	        enum { N = 16 / 2 - 1 };
| int
| main ()
| {
| static int test_array [1 - 2 * !((int16_t) (((((int16_t) 1 << N) << N) - 1) * 2 + 1)
| 		 < (int16_t) (((((int16_t) 1 << N) << N) - 1) * 2 + 2))];
| test_array [0] = 0;
| return test_array [0];
| 
|   ;
|   return 0;
| }
configure:18988: result: yes
configure:18999: checking for int32_t
configure:18999: gcc -c -g -O2  conftest.c >&5
configure:18999: $? = 0
configure:18999: gcc -c -g -O2  conftest.c >&5
conftest.c: In function 'main':
conftest.c:64: warning: integer overflow in expression
conftest.c:64: error: size of array 'test_array' is negative
configure:18999: $? = 1
configure: failed program was:
| /* confdefs.h */
| #define PACKAGE_NAME "mcperf"
| #define PACKAGE_TARNAME "mcperf"
| #define PACKAGE_VERSION "0.1.0"
| #define PACKAGE_STRING "mcperf 0.1.0"
| #define PACKAGE_BUGREPORT "manj@twitter.com"
| #define PACKAGE_URL ""
| #define PACKAGE "mcperf"
| #define VERSION "0.1.0"
| #define MCP_VERSION_MAJOR 0
| #define MCP_VERSION_MINOR 1
| #define MCP_VERSION_PATCH 0
| #define MCP_VERSION_STRING "0.1.0"
| #define STDC_HEADERS 1
| #define HAVE_SYS_TYPES_H 1
| #define HAVE_SYS_STAT_H 1
| #define HAVE_STDLIB_H 1
| #define HAVE_STRING_H 1
| #define HAVE_MEMORY_H 1
| #define HAVE_STRINGS_H 1
| #define HAVE_INTTYPES_H 1
| #define HAVE_STDINT_H 1
| #define HAVE_UNISTD_H 1
| #define HAVE_DLFCN_H 1
| /* end confdefs.h.  */
| #include <stdio.h>
| #ifdef HAVE_SYS_TYPES_H
| # include <sys/types.h>
| #endif
| #ifdef HAVE_SYS_STAT_H
| # include <sys/stat.h>
| #endif
| #ifdef STDC_HEADERS
| # include <stdlib.h>
| # include <stddef.h>
| #else
| # ifdef HAVE_STDLIB_H
| #  include <stdlib.h>
| # endif
| #endif
| #ifdef HAVE_STRING_H
| # if !defined STDC_HEADERS && defined HAVE_MEMORY_H
| #  include <memory.h>
| # endif
| # include <string.h>
| #endif
| #ifdef HAVE_STRINGS_H
| # include <strings.h>
| #endif
| #ifdef HAVE_INTTYPES_H
| # include <inttypes.h>
| #endif
| #ifdef HAVE_STDINT_H
| # include <stdint.h>
| #endif
| #ifdef HAVE_UNISTD_H
| # include <unistd.h>
| #endif
| 	        enum { N = 32 / 2 - 1 };
| int
| main ()
| {
| static int test_array [1 - 2 * !((int32_t) (((((int32_t) 1 << N) << N) - 1) * 2 + 1)
| 		 < (int32_t) (((((int32_t) 1 << N) << N) - 1) * 2 + 2))];
| test_array [0] = 0;
| return test_array [0];
| 
|   ;
|   return 0;
| }
configure:18999: result: yes
configure:19010: checking for int64_t
configure:19010: gcc -c -g -O2  conftest.c >&5
configure:19010: $? = 0
configure:19010: gcc -c -g -O2  conftest.c >&5
conftest.c: In function 'main':
conftest.c:64: warning: integer overflow in expression
conftest.c:64: error: size of array 'test_array' is negative
configure:19010: $? = 1
configure: failed program was:
| /* confdefs.h */
| #define PACKAGE_NAME "mcperf"
| #define PACKAGE_TARNAME "mcperf"
| #define PACKAGE_VERSION "0.1.0"
| #define PACKAGE_STRING "mcperf 0.1.0"
| #define PACKAGE_BUGREPORT "manj@twitter.com"
| #define PACKAGE_URL ""
| #define PACKAGE "mcperf"
| #define VERSION "0.1.0"
| #define MCP_VERSION_MAJOR 0
| #define MCP_VERSION_MINOR 1
| #define MCP_VERSION_PATCH 0
| #define MCP_VERSION_STRING "0.1.0"
| #define STDC_HEADERS 1
| #define HAVE_SYS_TYPES_H 1
| #define HAVE_SYS_STAT_H 1
| #define HAVE_STDLIB_H 1
| #define HAVE_STRING_H 1
| #define HAVE_MEMORY_H 1
| #define HAVE_STRINGS_H 1
| #define HAVE_INTTYPES_H 1
| #define HAVE_STDINT_H 1
| #define HAVE_UNISTD_H 1
| #define HAVE_DLFCN_H 1
| /* end confdefs.h.  */
| #include <stdio.h>
| #ifdef HAVE_SYS_TYPES_H
| # include <sys/types.h>
| #endif
| #ifdef HAVE_SYS_STAT_H
| # include <sys/stat.h>
| #endif
| #ifdef STDC_HEADERS
| # include <stdlib.h>
| # include <stddef.h>
| #else
| # ifdef HAVE_STDLIB_H
| #  include <stdlib.h>
| # endif
| #endif
| #ifdef HAVE_STRING_H
| # if !defined STDC_HEADERS && defined HAVE_MEMORY_H
| #  include <memory.h>
| # endif
| # include <string.h>
| #endif
| #ifdef HAVE_STRINGS_H
| # include <strings.h>
| #endif
| #ifdef HAVE_INTTYPES_H
| # include <inttypes.h>
| #endif
| #ifdef HAVE_STDINT_H
| # include <stdint.h>
| #endif
| #ifdef HAVE_UNISTD_H
| # include <unistd.h>
| #endif
| 	        enum { N = 64 / 2 - 1 };
| int
| main ()
| {
| static int test_array [1 - 2 * !((int64_t) (((((int64_t) 1 << N) << N) - 1) * 2 + 1)
| 		 < (int64_t) (((((int64_t) 1 << N) << N) - 1) * 2 + 2))];
| test_array [0] = 0;
| return test_array [0];
| 
|   ;
|   return 0;
| }
configure:19010: result: yes
configure:19022: checking for unsigned long long int
configure:19061: gcc -o conftest -g -O2   conftest.c  >&5
configure:19061: $? = 0
configure:19070: result: yes
configure:19080: checking for long long int
configure:19118: gcc -o conftest -g -O2   conftest.c  >&5
configure:19118: $? = 0
configure:19118: ./conftest
configure:19118: $? = 0
configure:19130: result: yes
configure:19140: checking for intmax_t
configure:19140: gcc -c -g -O2  conftest.c >&5
configure:19140: $? = 0
configure:19140: gcc -c -g -O2  conftest.c >&5
conftest.c: In function 'main':
conftest.c:64: error: expected expression before ')' token
configure:19140: $? = 1
configure: failed program was:
| /* confdefs.h */
| #define PACKAGE_NAME "mcperf"
| #define PACKAGE_TARNAME "mcperf"
| #define PACKAGE_VERSION "0.1.0"
| #define PACKAGE_STRING "mcperf 0.1.0"
| #define PACKAGE_BUGREPORT "manj@twitter.com"
| #define PACKAGE_URL ""
| #define PACKAGE "mcperf"
| #define VERSION "0.1.0"
| #define MCP_VERSION_MAJOR 0
| #define MCP_VERSION_MINOR 1
| #define MCP_VERSION_PATCH 0
| #define MCP_VERSION_STRING "0.1.0"
| #define STDC_HEADERS 1
| #define HAVE_SYS_TYPES_H 1
| #define HAVE_SYS_STAT_H 1
| #define HAVE_STDLIB_H 1
| #define HAVE_STRING_H 1
| #define HAVE_MEMORY_H 1
| #define HAVE_STRINGS_H 1
| #define HAVE_INTTYPES_H 1
| #define HAVE_STDINT_H 1
| #define HAVE_UNISTD_H 1
| #define HAVE_DLFCN_H 1
| #define HAVE_UNSIGNED_LONG_LONG_INT 1
| #define HAVE_LONG_LONG_INT 1
| /* end confdefs.h.  */
| #include <stdio.h>
| #ifdef HAVE_SYS_TYPES_H
| # include <sys/types.h>
| #endif
| #ifdef HAVE_SYS_STAT_H
| # include <sys/stat.h>
| #endif
| #ifdef STDC_HEADERS
| # include <stdlib.h>
| # include <stddef.h>
| #else
| # ifdef HAVE_STDLIB_H
| #  include <stdlib.h>
| # endif
| #endif
| #ifdef HAVE_STRING_H
| # if !defined STDC_HEADERS && defined HAVE_MEMORY_H
| #  include <memory.h>
| # endif
| # include <string.h>
| #endif
| #ifdef HAVE_STRINGS_H
| # include <strings.h>
| #endif
| #ifdef HAVE_INTTYPES_H
| # include <inttypes.h>
| #endif
| #ifdef HAVE_STDINT_H
| # include <stdint.h>
| #endif
| #ifdef HAVE_UNISTD_H
| # include <unistd.h>
| #endif
| int
| main ()
| {
| if (sizeof ((intmax_t)))
| 	    return 0;
|   ;
|   return 0;
| }
configure:19140: result: yes
configure:19158: checking for intptr_t
configure:19158: gcc -c -g -O2  conftest.c >&5
configure:19158: $? = 0
configure:19158: gcc -c -g -O2  conftest.c >&5
conftest.c: In function 'main':
conftest.c:65: error: expected expression before ')' token
configure:19158: $? = 1
configure: failed program was:
| /* confdefs.h */
| #define PACKAGE_NAME "mcperf"
| #define PACKAGE_TARNAME "mcperf"
| #define PACKAGE_VERSION "0.1.0"
| #define PACKAGE_STRING "mcperf 0.1.0"
| #define PACKAGE_BUGREPORT "manj@twitter.com"
| #define PACKAGE_URL ""
| #define PACKAGE "mcperf"
| #define VERSION "0.1.0"
| #define MCP_VERSION_MAJOR 0
| #define MCP_VERSION_MINOR 1
| #define MCP_VERSION_PATCH 0
| #define MCP_VERSION_STRING "0.1.0"
| #define STDC_HEADERS 1
| #define HAVE_SYS_TYPES_H 1
| #define HAVE_SYS_STAT_H 1
| #define HAVE_STDLIB_H 1
| #define HAVE_STRING_H 1
| #define HAVE_MEMORY_H 1
| #define HAVE_STRINGS_H 1
| #define HAVE_INTTYPES_H 1
| #define HAVE_STDINT_H 1
| #define HAVE_UNISTD_H 1
| #define HAVE_DLFCN_H 1
| #define HAVE_UNSIGNED_LONG_LONG_INT 1
| #define HAVE_LONG_LONG_INT 1
| #define HAVE_INTMAX_T 1
| /* end confdefs.h.  */
| #include <stdio.h>
| #ifdef HAVE_SYS_TYPES_H
| # include <sys/types.h>
| #endif
| #ifdef HAVE_SYS_STAT_H
| # include <sys/stat.h>
| #endif
| #ifdef STDC_HEADERS
| # include <stdlib.h>
| # include <stddef.h>
| #else
| # ifdef HAVE_STDLIB_H
| #  include <stdlib.h>
| # endif
| #endif
| #ifdef HAVE_STRING_H
| # if !defined STDC_HEADERS && defined HAVE_MEMORY_H
| #  include <memory.h>
| # endif
| # include <string.h>
| #endif
| #ifdef HAVE_STRINGS_H
| # include <strings.h>
| #endif
| #ifdef HAVE_INTTYPES_H
| # include <inttypes.h>
| #endif
| #ifdef HAVE_STDINT_H
| # include <stdint.h>
| #endif
| #ifdef HAVE_UNISTD_H
| # include <unistd.h>
| #endif
| int
| main ()
| {
| if (sizeof ((intptr_t)))
| 	    return 0;
|   ;
|   return 0;
| }
configure:19158: result: yes
configure:19193: checking for uint8_t
configure:19193: gcc -c -g -O2  conftest.c >&5
configure:19193: $? = 0
configure:19193: result: yes
configure:19207: checking for uint16_t
configure:19207: gcc -c -g -O2  conftest.c >&5
configure:19207: $? = 0
configure:19207: result: yes
configure:19219: checking for uint32_t
configure:19219: gcc -c -g -O2  conftest.c >&5
configure:19219: $? = 0
configure:19219: result: yes
configure:19233: checking for uint64_t
configure:19233: gcc -c -g -O2  conftest.c >&5
configure:19233: $? = 0
configure:19233: result: yes
configure:19249: checking for uintmax_t
configure:19249: gcc -c -g -O2  conftest.c >&5
configure:19249: $? = 0
configure:19249: gcc -c -g -O2  conftest.c >&5
conftest.c: In function 'main':
conftest.c:66: error: expected expression before ')' token
configure:19249: $? = 1
configure: failed program was:
| /* confdefs.h */
| #define PACKAGE_NAME "mcperf"
| #define PACKAGE_TARNAME "mcperf"
| #define PACKAGE_VERSION "0.1.0"
| #define PACKAGE_STRING "mcperf 0.1.0"
| #define PACKAGE_BUGREPORT "manj@twitter.com"
| #define PACKAGE_URL ""
| #define PACKAGE "mcperf"
| #define VERSION "0.1.0"
| #define MCP_VERSION_MAJOR 0
| #define MCP_VERSION_MINOR 1
| #define MCP_VERSION_PATCH 0
| #define MCP_VERSION_STRING "0.1.0"
| #define STDC_HEADERS 1
| #define HAVE_SYS_TYPES_H 1
| #define HAVE_SYS_STAT_H 1
| #define HAVE_STDLIB_H 1
| #define HAVE_STRING_H 1
| #define HAVE_MEMORY_H 1
| #define HAVE_STRINGS_H 1
| #define HAVE_INTTYPES_H 1
| #define HAVE_STDINT_H 1
| #define HAVE_UNISTD_H 1
| #define HAVE_DLFCN_H 1
| #define HAVE_UNSIGNED_LONG_LONG_INT 1
| #define HAVE_LONG_LONG_INT 1
| #define HAVE_INTMAX_T 1
| #define HAVE_INTPTR_T 1
| /* end confdefs.h.  */
| #include <stdio.h>
| #ifdef HAVE_SYS_TYPES_H
| # include <sys/types.h>
| #endif
| #ifdef HAVE_SYS_STAT_H
| # include <sys/stat.h>
| #endif
| #ifdef STDC_HEADERS
| # include <stdlib.h>
| # include <stddef.h>
| #else
| # ifdef HAVE_STDLIB_H
| #  include <stdlib.h>
| # endif
| #endif
| #ifdef HAVE_STRING_H
| # if !defined STDC_HEADERS && defined HAVE_MEMORY_H
| #  include <memory.h>
| # endif
| # include <string.h>
| #endif
| #ifdef HAVE_STRINGS_H
| # include <strings.h>
| #endif
| #ifdef HAVE_INTTYPES_H
| # include <inttypes.h>
| #endif
| #ifdef HAVE_STDINT_H
| # include <stdint.h>
| #endif
| #ifdef HAVE_UNISTD_H
| # include <unistd.h>
| #endif
| int
| main ()
| {
| if (sizeof ((uintmax_t)))
| 	    return 0;
|   ;
|   return 0;
| }
configure:19249: result: yes
configure:19267: checking for uintptr_t
configure:19267: gcc -c -g -O2  conftest.c >&5
configure:19267: $? = 0
configure:19267: gcc -c -g -O2  conftest.c >&5
conftest.c: In function 'main':
conftest.c:67: error: expected expression before ')' token
configure:19267: $? = 1
configure: failed program was:
| /* confdefs.h */
| #define PACKAGE_NAME "mcperf"
| #define PACKAGE_TARNAME "mcperf"
| #define PACKAGE_VERSION "0.1.0"
| #define PACKAGE_STRING "mcperf 0.1.0"
| #define PACKAGE_BUGREPORT "manj@twitter.com"
| #define PACKAGE_URL ""
| #define PACKAGE "mcperf"
| #define VERSION "0.1.0"
| #define MCP_VERSION_MAJOR 0
| #define MCP_VERSION_MINOR 1
| #define MCP_VERSION_PATCH 0
| #define MCP_VERSION_STRING "0.1.0"
| #define STDC_HEADERS 1
| #define HAVE_SYS_TYPES_H 1
| #define HAVE_SYS_STAT_H 1
| #define HAVE_STDLIB_H 1
| #define HAVE_STRING_H 1
| #define HAVE_MEMORY_H 1
| #define HAVE_STRINGS_H 1
| #define HAVE_INTTYPES_H 1
| #define HAVE_STDINT_H 1
| #define HAVE_UNISTD_H 1
| #define HAVE_DLFCN_H 1
| #define HAVE_UNSIGNED_LONG_LONG_INT 1
| #define HAVE_LONG_LONG_INT 1
| #define HAVE_INTMAX_T 1
| #define HAVE_INTPTR_T 1
| #define HAVE_UINTMAX_T 1
| /* end confdefs.h.  */
| #include <stdio.h>
| #ifdef HAVE_SYS_TYPES_H
| # include <sys/types.h>
| #endif
| #ifdef HAVE_SYS_STAT_H
| # include <sys/stat.h>
| #endif
| #ifdef STDC_HEADERS
| # include <stdlib.h>
| # include <stddef.h>
| #else
| # ifdef HAVE_STDLIB_H
| #  include <stdlib.h>
| # endif
| #endif
| #ifdef HAVE_STRING_H
| # if !defined STDC_HEADERS && defined HAVE_MEMORY_H
| #  include <memory.h>
| # endif
| # include <string.h>
| #endif
| #ifdef HAVE_STRINGS_H
| # include <strings.h>
| #endif
| #ifdef HAVE_INTTYPES_H
| # include <inttypes.h>
| #endif
| #ifdef HAVE_STDINT_H
| # include <stdint.h>
| #endif
| #ifdef HAVE_UNISTD_H
| # include <unistd.h>
| #endif
| int
| main ()
| {
| if (sizeof ((uintptr_t)))
| 	    return 0;
|   ;
|   return 0;
| }
configure:19267: result: yes
configure:19303: checking for off_t
configure:19303: gcc -c -g -O2  conftest.c >&5
configure:19303: $? = 0
configure:19303: gcc -c -g -O2  conftest.c >&5
conftest.c: In function 'main':
conftest.c:68: error: expected expression before ')' token
configure:19303: $? = 1
configure: failed program was:
| /* confdefs.h */
| #define PACKAGE_NAME "mcperf"
| #define PACKAGE_TARNAME "mcperf"
| #define PACKAGE_VERSION "0.1.0"
| #define PACKAGE_STRING "mcperf 0.1.0"
| #define PACKAGE_BUGREPORT "manj@twitter.com"
| #define PACKAGE_URL ""
| #define PACKAGE "mcperf"
| #define VERSION "0.1.0"
| #define MCP_VERSION_MAJOR 0
| #define MCP_VERSION_MINOR 1
| #define MCP_VERSION_PATCH 0
| #define MCP_VERSION_STRING "0.1.0"
| #define STDC_HEADERS 1
| #define HAVE_SYS_TYPES_H 1
| #define HAVE_SYS_STAT_H 1
| #define HAVE_STDLIB_H 1
| #define HAVE_STRING_H 1
| #define HAVE_MEMORY_H 1
| #define HAVE_STRINGS_H 1
| #define HAVE_INTTYPES_H 1
| #define HAVE_STDINT_H 1
| #define HAVE_UNISTD_H 1
| #define HAVE_DLFCN_H 1
| #define HAVE_UNSIGNED_LONG_LONG_INT 1
| #define HAVE_LONG_LONG_INT 1
| #define HAVE_INTMAX_T 1
| #define HAVE_INTPTR_T 1
| #define HAVE_UINTMAX_T 1
| #define HAVE_UINTPTR_T 1
| /* end confdefs.h.  */
| #include <stdio.h>
| #ifdef HAVE_SYS_TYPES_H
| # include <sys/types.h>
| #endif
| #ifdef HAVE_SYS_STAT_H
| # include <sys/stat.h>
| #endif
| #ifdef STDC_HEADERS
| # include <stdlib.h>
| # include <stddef.h>
| #else
| # ifdef HAVE_STDLIB_H
| #  include <stdlib.h>
| # endif
| #endif
| #ifdef HAVE_STRING_H
| # if !defined STDC_HEADERS && defined HAVE_MEMORY_H
| #  include <memory.h>
| # endif
| # include <string.h>
| #endif
| #ifdef HAVE_STRINGS_H
| # include <strings.h>
| #endif
| #ifdef HAVE_INTTYPES_H
| # include <inttypes.h>
| #endif
| #ifdef HAVE_STDINT_H
| # include <stdint.h>
| #endif
| #ifdef HAVE_UNISTD_H
| # include <unistd.h>
| #endif
| int
| main ()
| {
| if (sizeof ((off_t)))
| 	    return 0;
|   ;
|   return 0;
| }
configure:19303: result: yes
configure:19314: checking for pid_t
configure:19314: gcc -c -g -O2  conftest.c >&5
configure:19314: $? = 0
configure:19314: gcc -c -g -O2  conftest.c >&5
conftest.c: In function 'main':
conftest.c:68: error: expected expression before ')' token
configure:19314: $? = 1
configure: failed program was:
| /* confdefs.h */
| #define PACKAGE_NAME "mcperf"
| #define PACKAGE_TARNAME "mcperf"
| #define PACKAGE_VERSION "0.1.0"
| #define PACKAGE_STRING "mcperf 0.1.0"
| #define PACKAGE_BUGREPORT "manj@twitter.com"
| #define PACKAGE_URL ""
| #define PACKAGE "mcperf"
| #define VERSION "0.1.0"
| #define MCP_VERSION_MAJOR 0
| #define MCP_VERSION_MINOR 1
| #define MCP_VERSION_PATCH 0
| #define MCP_VERSION_STRING "0.1.0"
| #define STDC_HEADERS 1
| #define HAVE_SYS_TYPES_H 1
| #define HAVE_SYS_STAT_H 1
| #define HAVE_STDLIB_H 1
| #define HAVE_STRING_H 1
| #define HAVE_MEMORY_H 1
| #define HAVE_STRINGS_H 1
| #define HAVE_INTTYPES_H 1
| #define HAVE_STDINT_H 1
| #define HAVE_UNISTD_H 1
| #define HAVE_DLFCN_H 1
| #define HAVE_UNSIGNED_LONG_LONG_INT 1
| #define HAVE_LONG_LONG_INT 1
| #define HAVE_INTMAX_T 1
| #define HAVE_INTPTR_T 1
| #define HAVE_UINTMAX_T 1
| #define HAVE_UINTPTR_T 1
| /* end confdefs.h.  */
| #include <stdio.h>
| #ifdef HAVE_SYS_TYPES_H
| # include <sys/types.h>
| #endif
| #ifdef HAVE_SYS_STAT_H
| # include <sys/stat.h>
| #endif
| #ifdef STDC_HEADERS
| # include <stdlib.h>
| # include <stddef.h>
| #else
| # ifdef HAVE_STDLIB_H
| #  include <stdlib.h>
| # endif
| #endif
| #ifdef HAVE_STRING_H
| # if !defined STDC_HEADERS && defined HAVE_MEMORY_H
| #  include <memory.h>
| # endif
| # include <string.h>
| #endif
| #ifdef HAVE_STRINGS_H
| # include <strings.h>
| #endif
| #ifdef HAVE_INTTYPES_H
| # include <inttypes.h>
| #endif
| #ifdef HAVE_STDINT_H
| # include <stdint.h>
| #endif
| #ifdef HAVE_UNISTD_H
| # include <unistd.h>
| #endif
| int
| main ()
| {
| if (sizeof ((pid_t)))
| 	    return 0;
|   ;
|   return 0;
| }
configure:19314: result: yes
configure:19325: checking for size_t
configure:19325: gcc -c -g -O2  conftest.c >&5
configure:19325: $? = 0
configure:19325: gcc -c -g -O2  conftest.c >&5
conftest.c: In function 'main':
conftest.c:68: error: expected expression before ')' token
configure:19325: $? = 1
configure: failed program was:
| /* confdefs.h */
| #define PACKAGE_NAME "mcperf"
| #define PACKAGE_TARNAME "mcperf"
| #define PACKAGE_VERSION "0.1.0"
| #define PACKAGE_STRING "mcperf 0.1.0"
| #define PACKAGE_BUGREPORT "manj@twitter.com"
| #define PACKAGE_URL ""
| #define PACKAGE "mcperf"
| #define VERSION "0.1.0"
| #define MCP_VERSION_MAJOR 0
| #define MCP_VERSION_MINOR 1
| #define MCP_VERSION_PATCH 0
| #define MCP_VERSION_STRING "0.1.0"
| #define STDC_HEADERS 1
| #define HAVE_SYS_TYPES_H 1
| #define HAVE_SYS_STAT_H 1
| #define HAVE_STDLIB_H 1
| #define HAVE_STRING_H 1
| #define HAVE_MEMORY_H 1
| #define HAVE_STRINGS_H 1
| #define HAVE_INTTYPES_H 1
| #define HAVE_STDINT_H 1
| #define HAVE_UNISTD_H 1
| #define HAVE_DLFCN_H 1
| #define HAVE_UNSIGNED_LONG_LONG_INT 1
| #define HAVE_LONG_LONG_INT 1
| #define HAVE_INTMAX_T 1
| #define HAVE_INTPTR_T 1
| #define HAVE_UINTMAX_T 1
| #define HAVE_UINTPTR_T 1
| /* end confdefs.h.  */
| #include <stdio.h>
| #ifdef HAVE_SYS_TYPES_H
| # include <sys/types.h>
| #endif
| #ifdef HAVE_SYS_STAT_H
| # include <sys/stat.h>
| #endif
| #ifdef STDC_HEADERS
| # include <stdlib.h>
| # include <stddef.h>
| #else
| # ifdef HAVE_STDLIB_H
| #  include <stdlib.h>
| # endif
| #endif
| #ifdef HAVE_STRING_H
| # if !defined STDC_HEADERS && defined HAVE_MEMORY_H
| #  include <memory.h>
| # endif
| # include <string.h>
| #endif
| #ifdef HAVE_STRINGS_H
| # include <strings.h>
| #endif
| #ifdef HAVE_INTTYPES_H
| # include <inttypes.h>
| #endif
| #ifdef HAVE_STDINT_H
| # include <stdint.h>
| #endif
| #ifdef HAVE_UNISTD_H
| # include <unistd.h>
| #endif
| int
| main ()
| {
| if (sizeof ((size_t)))
| 	    return 0;
|   ;
|   return 0;
| }
configure:19325: result: yes
configure:19336: checking for ssize_t
configure:19336: gcc -c -g -O2  conftest.c >&5
configure:19336: $? = 0
configure:19336: gcc -c -g -O2  conftest.c >&5
conftest.c: In function 'main':
conftest.c:68: error: expected expression before ')' token
configure:19336: $? = 1
configure: failed program was:
| /* confdefs.h */
| #define PACKAGE_NAME "mcperf"
| #define PACKAGE_TARNAME "mcperf"
| #define PACKAGE_VERSION "0.1.0"
| #define PACKAGE_STRING "mcperf 0.1.0"
| #define PACKAGE_BUGREPORT "manj@twitter.com"
| #define PACKAGE_URL ""
| #define PACKAGE "mcperf"
| #define VERSION "0.1.0"
| #define MCP_VERSION_MAJOR 0
| #define MCP_VERSION_MINOR 1
| #define MCP_VERSION_PATCH 0
| #define MCP_VERSION_STRING "0.1.0"
| #define STDC_HEADERS 1
| #define HAVE_SYS_TYPES_H 1
| #define HAVE_SYS_STAT_H 1
| #define HAVE_STDLIB_H 1
| #define HAVE_STRING_H 1
| #define HAVE_MEMORY_H 1
| #define HAVE_STRINGS_H 1
| #define HAVE_INTTYPES_H 1
| #define HAVE_STDINT_H 1
| #define HAVE_UNISTD_H 1
| #define HAVE_DLFCN_H 1
| #define HAVE_UNSIGNED_LONG_LONG_INT 1
| #define HAVE_LONG_LONG_INT 1
| #define HAVE_INTMAX_T 1
| #define HAVE_INTPTR_T 1
| #define HAVE_UINTMAX_T 1
| #define HAVE_UINTPTR_T 1
| /* end confdefs.h.  */
| #include <stdio.h>
| #ifdef HAVE_SYS_TYPES_H
| # include <sys/types.h>
| #endif
| #ifdef HAVE_SYS_STAT_H
| # include <sys/stat.h>
| #endif
| #ifdef STDC_HEADERS
| # include <stdlib.h>
| # include <stddef.h>
| #else
| # ifdef HAVE_STDLIB_H
| #  include <stdlib.h>
| # endif
| #endif
| #ifdef HAVE_STRING_H
| # if !defined STDC_HEADERS && defined HAVE_MEMORY_H
| #  include <memory.h>
| # endif
| # include <string.h>
| #endif
| #ifdef HAVE_STRINGS_H
| # include <strings.h>
| #endif
| #ifdef HAVE_INTTYPES_H
| # include <inttypes.h>
| #endif
| #ifdef HAVE_STDINT_H
| # include <stdint.h>
| #endif
| #ifdef HAVE_UNISTD_H
| # include <unistd.h>
| #endif
| int
| main ()
| {
| if (sizeof ((ssize_t)))
| 	    return 0;
|   ;
|   return 0;
| }
configure:19336: result: yes
configure:19349: checking for stdbool.h that conforms to C99
configure:19416: gcc -c -g -O2  conftest.c >&5
configure:19416: $? = 0
configure:19423: result: yes
configure:19425: checking for _Bool
configure:19425: gcc -c -g -O2  conftest.c >&5
configure:19425: $? = 0
configure:19425: gcc -c -g -O2  conftest.c >&5
conftest.c: In function 'main':
conftest.c:68: error: expected expression before ')' token
configure:19425: $? = 1
configure: failed program was:
| /* confdefs.h */
| #define PACKAGE_NAME "mcperf"
| #define PACKAGE_TARNAME "mcperf"
| #define PACKAGE_VERSION "0.1.0"
| #define PACKAGE_STRING "mcperf 0.1.0"
| #define PACKAGE_BUGREPORT "manj@twitter.com"
| #define PACKAGE_URL ""
| #define PACKAGE "mcperf"
| #define VERSION "0.1.0"
| #define MCP_VERSION_MAJOR 0
| #define MCP_VERSION_MINOR 1
| #define MCP_VERSION_PATCH 0
| #define MCP_VERSION_STRING "0.1.0"
| #define STDC_HEADERS 1
| #define HAVE_SYS_TYPES_H 1
| #define HAVE_SYS_STAT_H 1
| #define HAVE_STDLIB_H 1
| #define HAVE_STRING_H 1
| #define HAVE_MEMORY_H 1
| #define HAVE_STRINGS_H 1
| #define HAVE_INTTYPES_H 1
| #define HAVE_STDINT_H 1
| #define HAVE_UNISTD_H 1
| #define HAVE_DLFCN_H 1
| #define HAVE_UNSIGNED_LONG_LONG_INT 1
| #define HAVE_LONG_LONG_INT 1
| #define HAVE_INTMAX_T 1
| #define HAVE_INTPTR_T 1
| #define HAVE_UINTMAX_T 1
| #define HAVE_UINTPTR_T 1
| /* end confdefs.h.  */
| #include <stdio.h>
| #ifdef HAVE_SYS_TYPES_H
| # include <sys/types.h>
| #endif
| #ifdef HAVE_SYS_STAT_H
| # include <sys/stat.h>
| #endif
| #ifdef STDC_HEADERS
| # include <stdlib.h>
| # include <stddef.h>
| #else
| # ifdef HAVE_STDLIB_H
| #  include <stdlib.h>
| # endif
| #endif
| #ifdef HAVE_STRING_H
| # if !defined STDC_HEADERS && defined HAVE_MEMORY_H
| #  include <memory.h>
| # endif
| # include <string.h>
| #endif
| #ifdef HAVE_STRINGS_H
| # include <strings.h>
| #endif
| #ifdef HAVE_INTTYPES_H
| # include <inttypes.h>
| #endif
| #ifdef HAVE_STDINT_H
| # include <stdint.h>
| #endif
| #ifdef HAVE_UNISTD_H
| # include <unistd.h>
| #endif
| int
| main ()
| {
| if (sizeof ((_Bool)))
| 	    return 0;
|   ;
|   return 0;
| }
configure:19425: result: yes
configure:19445: checking fcntl.h usability
configure:19445: gcc -c -g -O2  conftest.c >&5
configure:19445: $? = 0
configure:19445: result: yes
configure:19445: checking fcntl.h presence
configure:19445: gcc -E  conftest.c
configure:19445: $? = 0
configure:19445: result: yes
configure:19445: checking for fcntl.h
configure:19445: result: yes
configure:19445: checking float.h usability
configure:19445: gcc -c -g -O2  conftest.c >&5
configure:19445: $? = 0
configure:19445: result: yes
configure:19445: checking float.h presence
configure:19445: gcc -E  conftest.c
configure:19445: $? = 0
configure:19445: result: yes
configure:19445: checking for float.h
configure:19445: result: yes
configure:19445: checking stddef.h usability
configure:19445: gcc -c -g -O2  conftest.c >&5
configure:19445: $? = 0
configure:19445: result: yes
configure:19445: checking stddef.h presence
configure:19445: gcc -E  conftest.c
configure:19445: $? = 0
configure:19445: result: yes
configure:19445: checking for stddef.h
configure:19445: result: yes
configure:19445: checking for stdlib.h
configure:19445: result: yes
configure:19445: checking for string.h
configure:19445: result: yes
configure:19445: checking for unistd.h
configure:19445: result: yes
configure:19458: checking for inttypes.h
configure:19458: result: yes
configure:19458: checking for stdint.h
configure:19458: result: yes
configure:19471: checking sys/ioctl.h usability
configure:19471: gcc -c -g -O2  conftest.c >&5
configure:19471: $? = 0
configure:19471: result: yes
configure:19471: checking sys/ioctl.h presence
configure:19471: gcc -E  conftest.c
configure:19471: $? = 0
configure:19471: result: yes
configure:19471: checking for sys/ioctl.h
configure:19471: result: yes
configure:19471: checking sys/time.h usability
configure:19471: gcc -c -g -O2  conftest.c >&5
configure:19471: $? = 0
configure:19471: result: yes
configure:19471: checking sys/time.h presence
configure:19471: gcc -E  conftest.c
configure:19471: $? = 0
configure:19471: result: yes
configure:19471: checking for sys/time.h
configure:19471: result: yes
configure:19471: checking sys/uio.h usability
configure:19471: gcc -c -g -O2  conftest.c >&5
configure:19471: $? = 0
configure:19471: result: yes
configure:19471: checking sys/uio.h presence
configure:19471: gcc -E  conftest.c
configure:19471: $? = 0
configure:19471: result: yes
configure:19471: checking for sys/uio.h
configure:19471: result: yes
configure:19484: checking sys/socket.h usability
configure:19484: gcc -c -g -O2  conftest.c >&5
configure:19484: $? = 0
configure:19484: result: yes
configure:19484: checking sys/socket.h presence
configure:19484: gcc -E  conftest.c
configure:19484: $? = 0
configure:19484: result: yes
configure:19484: checking for sys/socket.h
configure:19484: result: yes
configure:19484: checking sys/un.h usability
configure:19484: gcc -c -g -O2  conftest.c >&5
configure:19484: $? = 0
configure:19484: result: yes
configure:19484: checking sys/un.h presence
configure:19484: gcc -E  conftest.c
configure:19484: $? = 0
configure:19484: result: yes
configure:19484: checking for sys/un.h
configure:19484: result: yes
configure:19484: checking netinet/in.h usability
configure:19484: gcc -c -g -O2  conftest.c >&5
configure:19484: $? = 0
configure:19484: result: yes
configure:19484: checking netinet/in.h presence
configure:19484: gcc -E  conftest.c
configure:19484: $? = 0
configure:19484: result: yes
configure:19484: checking for netinet/in.h
configure:19484: result: yes
configure:19484: checking arpa/inet.h usability
configure:19484: gcc -c -g -O2  conftest.c >&5
configure:19484: $? = 0
configure:19484: result: yes
configure:19484: checking arpa/inet.h presence
configure:19484: gcc -E  conftest.c
configure:19484: $? = 0
configure:19484: result: yes
configure:19484: checking for arpa/inet.h
configure:19484: result: yes
configure:19484: checking netdb.h usability
configure:19484: gcc -c -g -O2  conftest.c >&5
configure:19484: $? = 0
configure:19484: result: yes
configure:19484: checking netdb.h presence
configure:19484: gcc -E  conftest.c
configure:19484: $? = 0
configure:19484: result: yes
configure:19484: checking for netdb.h
configure:19484: result: yes
configure:19496: checking sys/epoll.h usability
configure:19496: gcc -c -g -O2  conftest.c >&5
configure:19496: $? = 0
configure:19496: result: yes
configure:19496: checking sys/epoll.h presence
configure:19496: gcc -E  conftest.c
configure:19496: $? = 0
configure:19496: result: yes
configure:19496: checking for sys/epoll.h
configure:19496: result: yes
configure:19512: checking for stdlib.h
configure:19512: result: yes
configure:19522: checking for GNU libc compatible malloc
configure:19546: gcc -o conftest -g -O2   conftest.c  >&5
configure:19546: $? = 0
configure:19546: ./conftest
configure:19546: $? = 0
configure:19556: result: yes
configure:19579: checking for stdlib.h
configure:19579: result: yes
configure:19589: checking for GNU libc compatible realloc
configure:19613: gcc -o conftest -g -O2   conftest.c  >&5
configure:19613: $? = 0
configure:19613: ./conftest
configure:19613: $? = 0
configure:19623: result: yes
configure:19644: checking for working strtod
configure:19685: gcc -o conftest -g -O2   conftest.c  >&5
configure:19685: $? = 0
configure:19685: ./conftest
configure:19685: $? = 0
configure:19695: result: yes
configure:19760: checking for gettimeofday
configure:19760: gcc -o conftest -g -O2   conftest.c  >&5
configure:19760: $? = 0
configure:19760: result: yes
configure:19760: checking for memchr
configure:19760: gcc -o conftest -g -O2   conftest.c  >&5
conftest.c:79: warning: conflicting types for built-in function 'memchr'
configure:19760: $? = 0
configure:19760: result: yes
configure:19760: checking for memmove
configure:19760: gcc -o conftest -g -O2   conftest.c  >&5
conftest.c:80: warning: conflicting types for built-in function 'memmove'
configure:19760: $? = 0
configure:19760: result: yes
configure:19760: checking for memset
configure:19760: gcc -o conftest -g -O2   conftest.c  >&5
conftest.c:81: warning: conflicting types for built-in function 'memset'
configure:19760: $? = 0
configure:19760: result: yes
configure:19760: checking for socket
configure:19760: gcc -o conftest -g -O2   conftest.c  >&5
configure:19760: $? = 0
configure:19760: result: yes
configure:19760: checking for strchr
configure:19760: gcc -o conftest -g -O2   conftest.c  >&5
conftest.c:83: warning: conflicting types for built-in function 'strchr'
configure:19760: $? = 0
configure:19760: result: yes
configure:19760: checking for strerror
configure:19760: gcc -o conftest -g -O2   conftest.c  >&5
configure:19760: $? = 0
configure:19760: result: yes
configure:19760: checking for strndup
configure:19760: gcc -o conftest -g -O2   conftest.c  >&5
conftest.c:85: warning: conflicting types for built-in function 'strndup'
configure:19760: $? = 0
configure:19760: result: yes
configure:19760: checking for strtoul
configure:19760: gcc -o conftest -g -O2   conftest.c  >&5
configure:19760: $? = 0
configure:19760: result: yes
configure:19770: checking if epoll works
configure:19801: gcc -o conftest -g -O2   conftest.c  >&5
configure:19801: $? = 0
configure:19801: ./conftest
configure:19801: $? = 0
configure:19811: result: yes
configure:19823: checking for pow in -lm
configure:19848: gcc -o conftest -g -O2   conftest.c -lm   -lrt >&5
conftest.c:71: warning: conflicting types for built-in function 'pow'
configure:19848: $? = 0
configure:19857: result: yes
configure:19870: checking whether to enable debug logs and asserts
configure:19896: result: no
configure:20030: creating ./config.status

## ---------------------- ##
## Running config.status. ##
## ---------------------- ##

This file was extended by mcperf config.status 0.1.0, which was
generated by GNU Autoconf 2.69.  Invocation command line was

  CONFIG_FILES    = 
  CONFIG_HEADERS  = 
  CONFIG_LINKS    = 
  CONFIG_COMMANDS = 
  $ ./config.status 

on client.localdomain

config.status:914: creating Makefile
config.status:914: creating src/Makefile
config.status:914: creating src/gen/Makefile
config.status:914: creating src/stats/Makefile
config.status:914: creating config.h
config.status:1089: config.h is unchanged
config.status:1136: executing depfiles commands

## ---------------- ##
## Cache variables. ##
## ---------------- ##

ac_cv_build=x86_64-unknown-linux-gnu
ac_cv_c_compiler_gnu=yes
ac_cv_c_inline=inline
ac_cv_c_int16_t=yes
ac_cv_c_int32_t=yes
ac_cv_c_int64_t=yes
ac_cv_c_int8_t=yes
ac_cv_c_uint16_t=yes
ac_cv_c_uint32_t=yes
ac_cv_c_uint64_t=yes
ac_cv_c_uint8_t=yes
ac_cv_cxx_compiler_gnu=no
ac_cv_env_CCC_set=
ac_cv_env_CCC_value=
ac_cv_env_CC_set=
ac_cv_env_CC_value=
ac_cv_env_CFLAGS_set=
ac_cv_env_CFLAGS_value=
ac_cv_env_CPPFLAGS_set=
ac_cv_env_CPPFLAGS_value=
ac_cv_env_CPP_set=
ac_cv_env_CPP_value=
ac_cv_env_CXXCPP_set=
ac_cv_env_CXXCPP_value=
ac_cv_env_CXXFLAGS_set=
ac_cv_env_CXXFLAGS_value=
ac_cv_env_CXX_set=
ac_cv_env_CXX_value=
ac_cv_env_F77_set=
ac_cv_env_F77_value=
ac_cv_env_FFLAGS_set=
ac_cv_env_FFLAGS_value=
ac_cv_env_LDFLAGS_set=
ac_cv_env_LDFLAGS_value=
ac_cv_env_LIBS_set=
ac_cv_env_LIBS_value=
ac_cv_env_build_alias_set=
ac_cv_env_build_alias_value=
ac_cv_env_host_alias_set=
ac_cv_env_host_alias_value=
ac_cv_env_target_alias_set=
ac_cv_env_target_alias_value=
ac_cv_epoll_works=yes
ac_cv_f77_compiler_gnu=no
ac_cv_func_gettimeofday=yes
ac_cv_func_malloc_0_nonnull=yes
ac_cv_func_memchr=yes
ac_cv_func_memmove=yes
ac_cv_func_memset=yes
ac_cv_func_realloc_0_nonnull=yes
ac_cv_func_socket=yes
ac_cv_func_strchr=yes
ac_cv_func_strerror=yes
ac_cv_func_strndup=yes
ac_cv_func_strtod=yes
ac_cv_func_strtoul=yes
ac_cv_header_arpa_inet_h=yes
ac_cv_header_dlfcn_h=yes
ac_cv_header_fcntl_h=yes
ac_cv_header_float_h=yes
ac_cv_header_inttypes_h=yes
ac_cv_header_memory_h=yes
ac_cv_header_netdb_h=yes
ac_cv_header_netinet_in_h=yes
ac_cv_header_stdbool_h=yes
ac_cv_header_stdc=yes
ac_cv_header_stddef_h=yes
ac_cv_header_stdint_h=yes
ac_cv_header_stdlib_h=yes
ac_cv_header_string_h=yes
ac_cv_header_strings_h=yes
ac_cv_header_sys_epoll_h=yes
ac_cv_header_sys_ioctl_h=yes
ac_cv_header_sys_socket_h=yes
ac_cv_header_sys_stat_h=yes
ac_cv_header_sys_time_h=yes
ac_cv_header_sys_types_h=yes
ac_cv_header_sys_uio_h=yes
ac_cv_header_sys_un_h=yes
ac_cv_header_unistd_h=yes
ac_cv_host=x86_64-unknown-linux-gnu
ac_cv_lib_m_pow=yes
ac_cv_objext=o
ac_cv_path_EGREP='/bin/grep -E'
ac_cv_path_GREP=/bin/grep
ac_cv_path_install='/usr/bin/install -c'
ac_cv_prog_AWK=gawk
ac_cv_prog_CPP='gcc -E'
ac_cv_prog_ac_ct_AR=ar
ac_cv_prog_ac_ct_CC=gcc
ac_cv_prog_ac_ct_RANLIB=ranlib
ac_cv_prog_ac_ct_STRIP=strip
ac_cv_prog_cc_c89=
ac_cv_prog_cc_g=yes
ac_cv_prog_cxx_g=no
ac_cv_prog_f77_g=no
ac_cv_prog_make_make_set=yes
ac_cv_type__Bool=yes
ac_cv_type_intmax_t=yes
ac_cv_type_intptr_t=yes
ac_cv_type_long_long_int=yes
ac_cv_type_off_t=yes
ac_cv_type_pid_t=yes
ac_cv_type_size_t=yes
ac_cv_type_ssize_t=yes
ac_cv_type_uintmax_t=yes
ac_cv_type_uintptr_t=yes
ac_cv_type_unsigned_long_long_int=yes
am_cv_CC_dependencies_compiler_type=gcc3
am_cv_CXX_dependencies_compiler_type=none
lt_cv_deplibs_check_method=pass_all
lt_cv_file_magic_cmd='$MAGIC_CMD'
lt_cv_file_magic_test_file=
lt_cv_ld_reload_flag=-r
lt_cv_objdir=.libs
lt_cv_path_LD=/usr/bin/ld
lt_cv_path_NM='/usr/bin/nm -B'
lt_cv_path_SED=/bin/sed
lt_cv_prog_compiler_c_o=yes
lt_cv_prog_compiler_rtti_exceptions=no
lt_cv_prog_gnu_ld=yes
lt_cv_sys_global_symbol_pipe='sed -n -e '\''s/^.*[ 	]\([ABCDGIRSTW][ABCDGIRSTW]*\)[ 	][ 	]*\([_A-Za-z][_A-Za-z0-9]*\)$/\1 \2 \2/p'\'''
lt_cv_sys_global_symbol_to_c_name_address='sed -n -e '\''s/^: \([^ ]*\) $/  {\"\1\", (lt_ptr) 0},/p'\'' -e '\''s/^[BCDEGRST] \([^ ]*\) \([^ ]*\)$/  {"\2", (lt_ptr) \&\2},/p'\'''
lt_cv_sys_global_symbol_to_cdecl='sed -n -e '\''s/^. .* \(.*\)$/extern int \1;/p'\'''
lt_cv_sys_max_cmd_len=32768
lt_lt_cv_prog_compiler_c_o='"yes"'
lt_lt_cv_sys_global_symbol_pipe='"sed -n -e '\''s/^.*[ 	]\\([ABCDGIRSTW][ABCDGIRSTW]*\\)[ 	][ 	]*\\([_A-Za-z][_A-Za-z0-9]*\\)\$/\\1 \\2 \\2/p'\''"'
lt_lt_cv_sys_global_symbol_to_c_name_address='"sed -n -e '\''s/^: \\([^ ]*\\) \$/  {\\\"\\1\\\", (lt_ptr) 0},/p'\'' -e '\''s/^[BCDEGRST] \\([^ ]*\\) \\([^ ]*\\)\$/  {\"\\2\", (lt_ptr) \\&\\2},/p'\''"'
lt_lt_cv_sys_global_symbol_to_cdecl='"sed -n -e '\''s/^. .* \\(.*\\)\$/extern int \\1;/p'\''"'

## ----------------- ##
## Output variables. ##
## ----------------- ##

ACLOCAL='${SHELL} /root/twemperf_vbox/config/missing --run aclocal-1.9'
AMDEPBACKSLASH='\'
AMDEP_FALSE='#'
AMDEP_TRUE=''
AMTAR='${SHELL} /root/twemperf_vbox/config/missing --run tar'
AR='ar'
AUTOCONF='${SHELL} /root/twemperf_vbox/config/missing --run autoconf'
AUTOHEADER='${SHELL} /root/twemperf_vbox/config/missing --run autoheader'
AUTOMAKE='${SHELL} /root/twemperf_vbox/config/missing --run automake-1.9'
AWK='gawk'
CC='gcc'
CCDEPMODE='depmode=gcc3'
CFLAGS='-g -O2'
CPP='gcc -E'
CPPFLAGS=''
CXX='g++'
CXXCPP=''
CXXDEPMODE='depmode=none'
CXXFLAGS=''
CYGPATH_W='echo'
DEFS='-DHAVE_CONFIG_H'
DEPDIR='.deps'
ECHO='echo'
ECHO_C=''
ECHO_N='-n'
ECHO_T=''
EGREP='/bin/grep -E'
EXEEXT=''
F77=''
FFLAGS=''
GREP='/bin/grep'
INSTALL_DATA='${INSTALL} -m 644'
INSTALL_PROGRAM='${INSTALL}'
INSTALL_SCRIPT='${INSTALL}'
INSTALL_STRIP_PROGRAM='${SHELL} $(install_sh) -c -s'
LDFLAGS=''
LIBOBJS=''
LIBS='-lm  -lrt'
LIBTOOL='$(SHELL) $(top_builddir)/libtool'
LN_S='ln -s'
LTLIBOBJS=''
MAKEINFO='${SHELL} /root/twemperf_vbox/config/missing --run makeinfo'
OBJEXT='o'
PACKAGE='mcperf'
PACKAGE_BUGREPORT='manj@twitter.com'
PACKAGE_NAME='mcperf'
PACKAGE_STRING='mcperf 0.1.0'
PACKAGE_TARNAME='mcperf'
PACKAGE_URL=''
PACKAGE_VERSION='0.1.0'
PATH_SEPARATOR=':'
POW_LIB=''
RANLIB='ranlib'
SED='/bin/sed'
SET_MAKE=''
SHELL='/bin/sh'
STRIP='strip'
VERSION='0.1.0'
ac_ct_CC='gcc'
ac_ct_CXX=''
ac_ct_F77=''
am__fastdepCC_FALSE='#'
am__fastdepCC_TRUE=''
am__fastdepCXX_FALSE=''
am__fastdepCXX_TRUE='#'
am__include='include'
am__leading_dot='.'
am__quote=''
am__tar='${AMTAR} chof - "$$tardir"'
am__untar='${AMTAR} xf -'
bindir='${exec_prefix}/bin'
build='x86_64-unknown-linux-gnu'
build_alias=''
build_cpu='x86_64'
build_os='linux-gnu'
build_vendor='unknown'
datadir='${datarootdir}'
datarootdir='${prefix}/share'
docdir='${datarootdir}/doc/${PACKAGE_TARNAME}'
dvidir='${docdir}'
exec_prefix='${prefix}'
host='x86_64-unknown-linux-gnu'
host_alias=''
host_cpu='x86_64'
host_os='linux-gnu'
host_vendor='unknown'
htmldir='${docdir}'
includedir='${prefix}/include'
infodir='${datarootdir}/info'
install_sh='/root/twemperf_vbox/config/install-sh'
libdir='${exec_prefix}/lib'
libexecdir='${exec_prefix}/libexec'
localedir='${datarootdir}/locale'
localstatedir='${prefix}/var'
mandir='${datarootdir}/man'
mkdir_p='mkdir -p --'
oldincludedir='/usr/include'
pdfdir='${docdir}'
prefix='/usr/local'
program_transform_name='s,x,x,'
psdir='${docdir}'
sbindir='${exec_prefix}/sbin'
sharedstatedir='${prefix}/com'
sysconfdir='${prefix}/etc'
target_alias=''

## ----------- ##
## confdefs.h. ##
## ----------- ##

/* confdefs.h */
#define PACKAGE_NAME "mcperf"
#define PACKAGE_TARNAME "mcperf"
#define PACKAGE_VERSION "0.1.0"
#define PACKAGE_STRING "mcperf 0.1.0"
#define PACKAGE_BUGREPORT "manj@twitter.com"
#define PACKAGE_URL ""
#define PACKAGE "mcperf"
#define VERSION "0.1.0"
#define MCP_VERSION_MAJOR 0
#define MCP_VERSION_MINOR 1
#define MCP_VERSION_PATCH 0
#define MCP_VERSION_STRING "0.1.0"
#define STDC_HEADERS 1
#define HAVE_SYS_TYPES_H 1
#define HAVE_SYS_STAT_H 1
#define HAVE_STDLIB_H 1
#define HAVE_STRING_H 1
#define HAVE_MEMORY_H 1
#define HAVE_STRINGS_H 1
#define HAVE_INTTYPES_H 1
#define HAVE_STDINT_H 1
#define HAVE_UNISTD_H 1
#define HAVE_DLFCN_H 1
#define HAVE_UNSIGNED_LONG_LONG_INT 1
#define HAVE_LONG_LONG_INT 1
#define HAVE_INTMAX_T 1
#define HAVE_INTPTR_T 1
#define HAVE_UINTMAX_T 1
#define HAVE_UINTPTR_T 1
#define HAVE__BOOL 1
#define HAVE_STDBOOL_H 1
#define HAVE_FCNTL_H 1
#define HAVE_FLOAT_H 1
#define HAVE_STDDEF_H 1
#define HAVE_STDLIB_H 1
#define HAVE_STRING_H 1
#define HAVE_UNISTD_H 1
#define HAVE_INTTYPES_H 1
#define HAVE_STDINT_H 1
#define HAVE_SYS_IOCTL_H 1
#define HAVE_SYS_TIME_H 1
#define HAVE_SYS_UIO_H 1
#define HAVE_SYS_SOCKET_H 1
#define HAVE_SYS_UN_H 1
#define HAVE_NETINET_IN_H 1
#define HAVE_ARPA_INET_H 1
#define HAVE_NETDB_H 1
#define HAVE_SYS_EPOLL_H 1
#define HAVE_STDLIB_H 1
#define HAVE_MALLOC 1
#define HAVE_STDLIB_H 1
#define HAVE_REALLOC 1
#define HAVE_GETTIMEOFDAY 1
#define HAVE_MEMCHR 1
#define HAVE_MEMMOVE 1
#define HAVE_MEMSET 1
#define HAVE_SOCKET 1
#define HAVE_STRCHR 1
#define HAVE_STRERROR 1
#define HAVE_STRNDUP 1
#define HAVE_STRTOUL 1
#define HAVE_LIBM 1

configure: exit 0
